<?xml version="1.0" encoding="UTF-8"?>
<!-- Generated by org.testng.reporters.JUnitReportReporter -->
<testsuite skipped="0" hostname="zz-PC" name="liyan.dangjian.testsuit.WorkbenchApi" tests="2" failures="0" timestamp="06 三月 2018 06:28:25 GMT" time="0.312" errors="0">
  <testcase name="withToken" time="0.301" classname="liyan.dangjian.testsuit.WorkbenchApi"/>
  <testcase name="withoutToken" time="0.011" classname="liyan.dangjian.testsuit.WorkbenchApi"/>
</testsuite> <!-- liyan.dangjian.testsuit.WorkbenchApi -->
