<?xml version="1.0" encoding="UTF-8"?>
<!-- Generated by org.testng.reporters.JUnitReportReporter -->
<testsuite skipped="0" hostname="zz-PC" name="liyan.dangjian.testsuit.LoginApi" tests="2" failures="0" timestamp="05 三月 2018 06:27:51 GMT" time="0.842" errors="0">
  <testcase name="normalLogin" time="0.826" classname="liyan.dangjian.testsuit.LoginApi"/>
  <testcase name="errorAccountLogin" time="0.016" classname="liyan.dangjian.testsuit.LoginApi"/>
</testsuite> <!-- liyan.dangjian.testsuit.LoginApi -->
